Release 14.7 - xst P.20131013 (nt64)
Copyright (c) 1995-2013 Xilinx, Inc.  All rights reserved.
--> Parameter TMPDIR set to xst/projnav.tmp


Total REAL time to Xst completion: 0.00 secs
Total CPU time to Xst completion: 0.08 secs
 
--> Parameter xsthdpdir set to xst


Total REAL time to Xst completion: 0.00 secs
Total CPU time to Xst completion: 0.08 secs
 
--> Reading design: filter.prj

TABLE OF CONTENTS
  1) Synthesis Options Summary
  2) HDL Parsing
  3) HDL Elaboration
  4) HDL Synthesis
       4.1) HDL Synthesis Report
  5) Advanced HDL Synthesis
       5.1) Advanced HDL Synthesis Report
  6) Low Level Synthesis
  7) Partition Report
  8) Design Summary
       8.1) Primitive and Black Box Usage
       8.2) Device utilization summary
       8.3) Partition Resource Summary
       8.4) Timing Report
            8.4.1) Clock Information
            8.4.2) Asynchronous Control Signals Information
            8.4.3) Timing Summary
            8.4.4) Timing Details
            8.4.5) Cross Clock Domains Report


=========================================================================
*                      Synthesis Options Summary                        *
=========================================================================
---- Source Parameters
Input File Name                    : "filter.prj"
Ignore Synthesis Constraint File   : NO

---- Target Parameters
Output File Name                   : "filter"
Output Format                      : NGC
Target Device                      : xc6slx9-3-ftg256

---- Source Options
Top Module Name                    : filter
Automatic FSM Extraction           : YES
FSM Encoding Algorithm             : Auto
Safe Implementation                : No
FSM Style                          : LUT
RAM Extraction                     : Yes
RAM Style                          : Auto
ROM Extraction                     : Yes
Shift Register Extraction          : YES
ROM Style                          : Auto
Resource Sharing                   : YES
Asynchronous To Synchronous        : NO
Shift Register Minimum Size        : 2
Use DSP Block                      : Auto
Automatic Register Balancing       : No

---- Target Options
LUT Combining                      : Auto
Reduce Control Sets                : Auto
Add IO Buffers                     : YES
Global Maximum Fanout              : 100000
Add Generic Clock Buffer(BUFG)     : 16
Register Duplication               : YES
Optimize Instantiated Primitives   : NO
Use Clock Enable                   : Auto
Use Synchronous Set                : Auto
Use Synchronous Reset              : Auto
Pack IO Registers into IOBs        : Auto
Equivalent register Removal        : YES

---- General Options
Optimization Goal                  : Speed
Optimization Effort                : 1
Power Reduction                    : NO
Keep Hierarchy                     : No
Netlist Hierarchy                  : As_Optimized
RTL Output                         : Yes
Global Optimization                : AllClockNets
Read Cores                         : YES
Write Timing Constraints           : NO
Cross Clock Analysis               : NO
Hierarchy Separator                : /
Bus Delimiter                      : <>
Case Specifier                     : Maintain
Slice Utilization Ratio            : 100
BRAM Utilization Ratio             : 100
DSP48 Utilization Ratio            : 100
Auto BRAM Packing                  : NO
Slice Utilization Ratio Delta      : 5

=========================================================================


=========================================================================
*                          HDL Parsing                                  *
=========================================================================
Analyzing Verilog file "C:\Users\ideapad 5 pro\Documents\uni\FPGA\verilog\code\filter\filter\filter.v" into library work
Parsing module <filter>.

=========================================================================
*                            HDL Elaboration                            *
=========================================================================

Elaborating module <filter>.

=========================================================================
*                           HDL Synthesis                               *
=========================================================================

Synthesizing Unit <filter>.
    Related source file is "C:\Users\ideapad 5 pro\Documents\uni\FPGA\verilog\code\filter\filter\filter.v".
    Register <Yn> equivalent to <Yn_1> has been removed
    Found 16-bit register for signal <Yn_1>.
    Found 16-bit register for signal <Xn_1>.
    Found 16-bit adder for signal <n0017> created at line 19.
    Found 16-bit adder for signal <Xn[15]_Yn_1[15]_add_1_OUT> created at line 19.
    Summary:
	inferred   2 Adder/Subtractor(s).
	inferred  32 D-type flip-flop(s).
Unit <filter> synthesized.

=========================================================================
HDL Synthesis Report

Macro Statistics
# Adders/Subtractors                                   : 2
 16-bit adder                                          : 2
# Registers                                            : 2
 16-bit register                                       : 2

=========================================================================

=========================================================================
*                       Advanced HDL Synthesis                          *
=========================================================================


Synthesizing (advanced) Unit <filter>.
The following registers are absorbed into accumulator <Yn_1>: 1 register on signal <Yn_1>.
Unit <filter> synthesized (advanced).

=========================================================================
Advanced HDL Synthesis Report

Macro Statistics
# Adders/Subtractors                                   : 1
 16-bit adder                                          : 1
# Accumulators                                         : 1
 16-bit up accumulator                                 : 1
# Registers                                            : 16
 Flip-Flops                                            : 16

=========================================================================

=========================================================================
*                         Low Level Synthesis                           *
=========================================================================

Optimizing unit <filter> ...
INFO:Xst:2261 - The FF/Latch <Xn_1_0> in Unit <filter> is equivalent to the following FF/Latch, which will be removed : <Yn_1_0> 

Mapping all equations...
Building and optimizing final netlist ...
Found area constraint ratio of 100 (+ 5) on block filter, actual ratio is 0.
FlipFlop Xn_1_0 has been replicated 1 time(s) to handle iob=true attribute.

Final Macro Processing ...

=========================================================================
Final Register Report

Macro Statistics
# Registers                                            : 32
 Flip-Flops                                            : 32

=========================================================================

=========================================================================
*                           Partition Report                            *
=========================================================================

Partition Implementation Status
-------------------------------

  No Partitions were found in this design.

-------------------------------

=========================================================================
*                            Design Summary                             *
=========================================================================

Top Level Output File Name         : filter.ngc

Primitive and Black Box Usage:
------------------------------
# BELS                             : 94
#      GND                         : 1
#      LUT2                        : 32
#      MUXCY                       : 30
#      XORCY                       : 31
# FlipFlops/Latches                : 32
#      FDC                         : 32
# Clock Buffers                    : 1
#      BUFGP                       : 1
# IO Buffers                       : 33
#      IBUF                        : 17
#      OBUF                        : 16

Device utilization summary:
---------------------------

Selected Device : 6slx9ftg256-3 


Slice Logic Utilization: 
 Number of Slice Registers:              31  out of  11440     0%  
 Number of Slice LUTs:                   32  out of   5720     0%  
    Number used as Logic:                32  out of   5720     0%  

Slice Logic Distribution: 
 Number of LUT Flip Flop pairs used:     48
   Number with an unused Flip Flop:      17  out of     48    35%  
   Number with an unused LUT:            16  out of     48    33%  
   Number of fully used LUT-FF pairs:    15  out of     48    31%  
   Number of unique control sets:         1

IO Utilization: 
 Number of IOs:                          34
 Number of bonded IOBs:                  34  out of    186    18%  
    IOB Flip Flops/Latches:               1

Specific Feature Utilization:
 Number of BUFG/BUFGCTRLs:                1  out of     16     6%  

---------------------------
Partition Resource Summary:
---------------------------

  No Partitions were found in this design.

---------------------------


=========================================================================
Timing Report

NOTE: THESE TIMING NUMBERS ARE ONLY A SYNTHESIS ESTIMATE.
      FOR ACCURATE TIMING INFORMATION PLEASE REFER TO THE TRACE REPORT
      GENERATED AFTER PLACE-and-ROUTE.

Clock Information:
------------------
-----------------------------------+------------------------+-------+
Clock Signal                       | Clock buffer(FF name)  | Load  |
-----------------------------------+------------------------+-------+
clk                                | BUFGP                  | 32    |
-----------------------------------+------------------------+-------+

Asynchronous Control Signals Information:
----------------------------------------
No asynchronous control signals found in this design

Timing Summary:
---------------
Speed Grade: -3

   Minimum period: 3.107ns (Maximum Frequency: 321.843MHz)
   Minimum input arrival time before clock: 4.018ns
   Maximum output required time after clock: 3.634ns
   Maximum combinational path delay: No path found

Timing Details:
---------------
All values displayed in nanoseconds (ns)

=========================================================================
Timing constraint: Default period analysis for Clock 'clk'
  Clock period: 3.107ns (frequency: 321.843MHz)
  Total number of paths / destination ports: 1070 / 15
-------------------------------------------------------------------------
Delay:               3.107ns (Levels of Logic = 19)
  Source:            Xn_1_0 (FF)
  Destination:       Yn_1_15 (FF)
  Source Clock:      clk rising
  Destination Clock: clk rising

  Data Path: Xn_1_0 to Yn_1_15
                                Gate     Net
    Cell:in->out      fanout   Delay   Delay  Logical Name (Net Name)
    ----------------------------------------  ------------
     FDC:C->Q              2   0.447   0.617  Xn_1_0 (Xn_1_0)
     LUT2:I1->O            1   0.205   0.000  Madd_n0017_lut<0> (Madd_n0017_lut<0>)
     MUXCY:S->O            1   0.172   0.000  Madd_n0017_cy<0> (Madd_n0017_cy<0>)
     MUXCY:CI->O           1   0.019   0.000  Madd_n0017_cy<1> (Madd_n0017_cy<1>)
     MUXCY:CI->O           1   0.019   0.000  Madd_n0017_cy<2> (Madd_n0017_cy<2>)
     MUXCY:CI->O           1   0.019   0.000  Madd_n0017_cy<3> (Madd_n0017_cy<3>)
     MUXCY:CI->O           1   0.019   0.000  Madd_n0017_cy<4> (Madd_n0017_cy<4>)
     MUXCY:CI->O           1   0.019   0.000  Madd_n0017_cy<5> (Madd_n0017_cy<5>)
     MUXCY:CI->O           1   0.019   0.000  Madd_n0017_cy<6> (Madd_n0017_cy<6>)
     MUXCY:CI->O           1   0.019   0.000  Madd_n0017_cy<7> (Madd_n0017_cy<7>)
     MUXCY:CI->O           1   0.019   0.000  Madd_n0017_cy<8> (Madd_n0017_cy<8>)
     MUXCY:CI->O           1   0.019   0.000  Madd_n0017_cy<9> (Madd_n0017_cy<9>)
     MUXCY:CI->O           1   0.019   0.000  Madd_n0017_cy<10> (Madd_n0017_cy<10>)
     MUXCY:CI->O           1   0.019   0.000  Madd_n0017_cy<11> (Madd_n0017_cy<11>)
     MUXCY:CI->O           1   0.019   0.000  Madd_n0017_cy<12> (Madd_n0017_cy<12>)
     MUXCY:CI->O           1   0.019   0.000  Madd_n0017_cy<13> (Madd_n0017_cy<13>)
     XORCY:CI->O           1   0.180   0.580  Madd_n0017_xor<14> (n0017<14>)
     LUT2:I1->O            1   0.205   0.000  Maccum_Yn_1_lut<14> (Maccum_Yn_1_lut<14>)
     MUXCY:S->O            0   0.172   0.000  Maccum_Yn_1_cy<14> (Maccum_Yn_1_cy<14>)
     XORCY:CI->O           1   0.180   0.000  Maccum_Yn_1_xor<15> (Result<15>)
     FDC:D                     0.102          Yn_1_15
    ----------------------------------------
    Total                      3.107ns (1.910ns logic, 1.197ns route)
                                       (61.5% logic, 38.5% route)

=========================================================================
Timing constraint: Default OFFSET IN BEFORE for Clock 'clk'
  Total number of paths / destination ports: 1544 / 64
-------------------------------------------------------------------------
Offset:              4.018ns (Levels of Logic = 20)
  Source:            Xn<0> (PAD)
  Destination:       Yn_1_15 (FF)
  Destination Clock: clk rising

  Data Path: Xn<0> to Yn_1_15
                                Gate     Net
    Cell:in->out      fanout   Delay   Delay  Logical Name (Net Name)
    ----------------------------------------  ------------
     IBUF:I->O             3   1.222   0.755  Xn_0_IBUF (Xn_0_IBUF)
     LUT2:I0->O            1   0.203   0.000  Madd_n0017_lut<0> (Madd_n0017_lut<0>)
     MUXCY:S->O            1   0.172   0.000  Madd_n0017_cy<0> (Madd_n0017_cy<0>)
     MUXCY:CI->O           1   0.019   0.000  Madd_n0017_cy<1> (Madd_n0017_cy<1>)
     MUXCY:CI->O           1   0.019   0.000  Madd_n0017_cy<2> (Madd_n0017_cy<2>)
     MUXCY:CI->O           1   0.019   0.000  Madd_n0017_cy<3> (Madd_n0017_cy<3>)
     MUXCY:CI->O           1   0.019   0.000  Madd_n0017_cy<4> (Madd_n0017_cy<4>)
     MUXCY:CI->O           1   0.019   0.000  Madd_n0017_cy<5> (Madd_n0017_cy<5>)
     MUXCY:CI->O           1   0.019   0.000  Madd_n0017_cy<6> (Madd_n0017_cy<6>)
     MUXCY:CI->O           1   0.019   0.000  Madd_n0017_cy<7> (Madd_n0017_cy<7>)
     MUXCY:CI->O           1   0.019   0.000  Madd_n0017_cy<8> (Madd_n0017_cy<8>)
     MUXCY:CI->O           1   0.019   0.000  Madd_n0017_cy<9> (Madd_n0017_cy<9>)
     MUXCY:CI->O           1   0.019   0.000  Madd_n0017_cy<10> (Madd_n0017_cy<10>)
     MUXCY:CI->O           1   0.019   0.000  Madd_n0017_cy<11> (Madd_n0017_cy<11>)
     MUXCY:CI->O           1   0.019   0.000  Madd_n0017_cy<12> (Madd_n0017_cy<12>)
     MUXCY:CI->O           1   0.019   0.000  Madd_n0017_cy<13> (Madd_n0017_cy<13>)
     XORCY:CI->O           1   0.180   0.580  Madd_n0017_xor<14> (n0017<14>)
     LUT2:I1->O            1   0.205   0.000  Maccum_Yn_1_lut<14> (Maccum_Yn_1_lut<14>)
     MUXCY:S->O            0   0.172   0.000  Maccum_Yn_1_cy<14> (Maccum_Yn_1_cy<14>)
     XORCY:CI->O           1   0.180   0.000  Maccum_Yn_1_xor<15> (Result<15>)
     FDC:D                     0.102          Yn_1_15
    ----------------------------------------
    Total                      4.018ns (2.683ns logic, 1.335ns route)
                                       (66.8% logic, 33.2% route)

=========================================================================
Timing constraint: Default OFFSET OUT AFTER for Clock 'clk'
  Total number of paths / destination ports: 16 / 16
-------------------------------------------------------------------------
Offset:              3.634ns (Levels of Logic = 1)
  Source:            Yn_1_15 (FF)
  Destination:       Yn<15> (PAD)
  Source Clock:      clk rising

  Data Path: Yn_1_15 to Yn<15>
                                Gate     Net
    Cell:in->out      fanout   Delay   Delay  Logical Name (Net Name)
    ----------------------------------------  ------------
     FDC:C->Q              2   0.447   0.616  Yn_1_15 (Yn_1_15)
     OBUF:I->O                 2.571          Yn_15_OBUF (Yn<15>)
    ----------------------------------------
    Total                      3.634ns (3.018ns logic, 0.616ns route)
                                       (83.0% logic, 17.0% route)

=========================================================================

Cross Clock Domains Report:
--------------------------

Clock to Setup on destination clock clk
---------------+---------+---------+---------+---------+
               | Src:Rise| Src:Fall| Src:Rise| Src:Fall|
Source Clock   |Dest:Rise|Dest:Rise|Dest:Fall|Dest:Fall|
---------------+---------+---------+---------+---------+
clk            |    3.107|         |         |         |
---------------+---------+---------+---------+---------+

=========================================================================


Total REAL time to Xst completion: 3.00 secs
Total CPU time to Xst completion: 3.22 secs
 
--> 

Total memory usage is 4487868 kilobytes

Number of errors   :    0 (   0 filtered)
Number of warnings :    0 (   0 filtered)
Number of infos    :    1 (   0 filtered)

