Release 14.7 - xst P.20131013 (nt64)
Copyright (c) 1995-2013 Xilinx, Inc.  All rights reserved.
--> Parameter TMPDIR set to xst/projnav.tmp


Total REAL time to Xst completion: 0.00 secs
Total CPU time to Xst completion: 0.07 secs
 
--> Parameter xsthdpdir set to xst


Total REAL time to Xst completion: 0.00 secs
Total CPU time to Xst completion: 0.07 secs
 
--> Reading design: clock_divider.prj

TABLE OF CONTENTS
  1) Synthesis Options Summary
  2) HDL Parsing
  3) HDL Elaboration
  4) HDL Synthesis
       4.1) HDL Synthesis Report
  5) Advanced HDL Synthesis
       5.1) Advanced HDL Synthesis Report
  6) Low Level Synthesis
  7) Partition Report
  8) Design Summary
       8.1) Primitive and Black Box Usage
       8.2) Device utilization summary
       8.3) Partition Resource Summary
       8.4) Timing Report
            8.4.1) Clock Information
            8.4.2) Asynchronous Control Signals Information
            8.4.3) Timing Summary
            8.4.4) Timing Details
            8.4.5) Cross Clock Domains Report


=========================================================================
*                      Synthesis Options Summary                        *
=========================================================================
---- Source Parameters
Input File Name                    : "clock_divider.prj"
Ignore Synthesis Constraint File   : NO

---- Target Parameters
Output File Name                   : "clock_divider"
Output Format                      : NGC
Target Device                      : xc6slx9-3-ftg256

---- Source Options
Top Module Name                    : clock_divider
Automatic FSM Extraction           : YES
FSM Encoding Algorithm             : Auto
Safe Implementation                : No
FSM Style                          : LUT
RAM Extraction                     : Yes
RAM Style                          : Auto
ROM Extraction                     : Yes
Shift Register Extraction          : YES
ROM Style                          : Auto
Resource Sharing                   : YES
Asynchronous To Synchronous        : NO
Shift Register Minimum Size        : 2
Use DSP Block                      : Auto
Automatic Register Balancing       : No

---- Target Options
LUT Combining                      : Auto
Reduce Control Sets                : Auto
Add IO Buffers                     : YES
Global Maximum Fanout              : 100000
Add Generic Clock Buffer(BUFG)     : 16
Register Duplication               : YES
Optimize Instantiated Primitives   : NO
Use Clock Enable                   : Auto
Use Synchronous Set                : Auto
Use Synchronous Reset              : Auto
Pack IO Registers into IOBs        : Auto
Equivalent register Removal        : YES

---- General Options
Optimization Goal                  : Speed
Optimization Effort                : 1
Power Reduction                    : NO
Keep Hierarchy                     : No
Netlist Hierarchy                  : As_Optimized
RTL Output                         : Yes
Global Optimization                : AllClockNets
Read Cores                         : YES
Write Timing Constraints           : NO
Cross Clock Analysis               : NO
Hierarchy Separator                : /
Bus Delimiter                      : <>
Case Specifier                     : Maintain
Slice Utilization Ratio            : 100
BRAM Utilization Ratio             : 100
DSP48 Utilization Ratio            : 100
Auto BRAM Packing                  : NO
Slice Utilization Ratio Delta      : 5

=========================================================================


=========================================================================
*                          HDL Parsing                                  *
=========================================================================
Analyzing Verilog file "C:\Users\ideapad 5 pro\Documents\uni\FPGA\verilog\code\freq_divider\clk_div\clk_div.v" into library work
Parsing module <clock_divider>.

=========================================================================
*                            HDL Elaboration                            *
=========================================================================

Elaborating module <clock_divider>.
WARNING:HDLCompiler:413 - "C:\Users\ideapad 5 pro\Documents\uni\FPGA\verilog\code\freq_divider\clk_div\clk_div.v" Line 19: Result of 2-bit expression is truncated to fit in 1-bit target.
WARNING:HDLCompiler:413 - "C:\Users\ideapad 5 pro\Documents\uni\FPGA\verilog\code\freq_divider\clk_div\clk_div.v" Line 26: Result of 5-bit expression is truncated to fit in 4-bit target.

=========================================================================
*                           HDL Synthesis                               *
=========================================================================

Synthesizing Unit <clock_divider>.
    Related source file is "C:\Users\ideapad 5 pro\Documents\uni\FPGA\verilog\code\freq_divider\clk_div\clk_div.v".
    Found 1-bit register for signal <clk_10MHz>.
    Found 1-bit register for signal <clk_50MHz>.
    Found 1-bit register for signal <counter_50MHz>.
    Found 4-bit register for signal <counter_10MHz>.
    Found 1-bit adder for signal <counter_50MHz[0]_PWR_1_o_add_1_OUT<0>> created at line 19.
    Found 4-bit adder for signal <counter_10MHz[3]_GND_1_o_add_3_OUT> created at line 26.
    Summary:
	inferred   2 Adder/Subtractor(s).
	inferred   7 D-type flip-flop(s).
Unit <clock_divider> synthesized.

=========================================================================
HDL Synthesis Report

Macro Statistics
# Adders/Subtractors                                   : 2
 1-bit adder                                           : 1
 4-bit adder                                           : 1
# Registers                                            : 4
 1-bit register                                        : 3
 4-bit register                                        : 1

=========================================================================

=========================================================================
*                       Advanced HDL Synthesis                          *
=========================================================================


Synthesizing (advanced) Unit <clock_divider>.
The following registers are absorbed into counter <counter_50MHz_0>: 1 register on signal <counter_50MHz_0>.
The following registers are absorbed into counter <counter_10MHz>: 1 register on signal <counter_10MHz>.
Unit <clock_divider> synthesized (advanced).

=========================================================================
Advanced HDL Synthesis Report

Macro Statistics
# Counters                                             : 2
 1-bit up counter                                      : 1
 4-bit up counter                                      : 1
# Registers                                            : 2
 Flip-Flops                                            : 2

=========================================================================

=========================================================================
*                         Low Level Synthesis                           *
=========================================================================

Optimizing unit <clock_divider> ...
INFO:Xst:2261 - The FF/Latch <counter_50MHz_0> in Unit <clock_divider> is equivalent to the following FF/Latch, which will be removed : <counter_10MHz_0> 

Mapping all equations...
Building and optimizing final netlist ...
Found area constraint ratio of 100 (+ 5) on block clock_divider, actual ratio is 0.

Final Macro Processing ...

=========================================================================
Final Register Report

Macro Statistics
# Registers                                            : 6
 Flip-Flops                                            : 6

=========================================================================

=========================================================================
*                           Partition Report                            *
=========================================================================

Partition Implementation Status
-------------------------------

  No Partitions were found in this design.

-------------------------------

=========================================================================
*                            Design Summary                             *
=========================================================================

Top Level Output File Name         : clock_divider.ngc

Primitive and Black Box Usage:
------------------------------
# BELS                             : 6
#      INV                         : 1
#      LUT2                        : 1
#      LUT4                        : 1
#      LUT5                        : 3
# FlipFlops/Latches                : 6
#      FD                          : 4
#      FDC                         : 1
#      FDCE                        : 1
# Clock Buffers                    : 1
#      BUFGP                       : 1
# IO Buffers                       : 3
#      IBUF                        : 1
#      OBUF                        : 2

Device utilization summary:
---------------------------

Selected Device : 6slx9ftg256-3 


Slice Logic Utilization: 
 Number of Slice Registers:               6  out of  11440     0%  
 Number of Slice LUTs:                    6  out of   5720     0%  
    Number used as Logic:                 6  out of   5720     0%  

Slice Logic Distribution: 
 Number of LUT Flip Flop pairs used:     12
   Number with an unused Flip Flop:       6  out of     12    50%  
   Number with an unused LUT:             6  out of     12    50%  
   Number of fully used LUT-FF pairs:     0  out of     12     0%  
   Number of unique control sets:         3

IO Utilization: 
 Number of IOs:                           4
 Number of bonded IOBs:                   4  out of    186     2%  

Specific Feature Utilization:
 Number of BUFG/BUFGCTRLs:                1  out of     16     6%  

---------------------------
Partition Resource Summary:
---------------------------

  No Partitions were found in this design.

---------------------------


=========================================================================
Timing Report

NOTE: THESE TIMING NUMBERS ARE ONLY A SYNTHESIS ESTIMATE.
      FOR ACCURATE TIMING INFORMATION PLEASE REFER TO THE TRACE REPORT
      GENERATED AFTER PLACE-and-ROUTE.

Clock Information:
------------------
-----------------------------------+------------------------+-------+
Clock Signal                       | Clock buffer(FF name)  | Load  |
-----------------------------------+------------------------+-------+
clk_100MHz                         | BUFGP                  | 6     |
-----------------------------------+------------------------+-------+

Asynchronous Control Signals Information:
----------------------------------------
No asynchronous control signals found in this design

Timing Summary:
---------------
Speed Grade: -3

   Minimum period: 1.950ns (Maximum Frequency: 512.794MHz)
   Minimum input arrival time before clock: 2.616ns
   Maximum output required time after clock: 3.634ns
   Maximum combinational path delay: No path found

Timing Details:
---------------
All values displayed in nanoseconds (ns)

=========================================================================
Timing constraint: Default period analysis for Clock 'clk_100MHz'
  Clock period: 1.950ns (frequency: 512.794MHz)
  Total number of paths / destination ports: 19 / 7
-------------------------------------------------------------------------
Delay:               1.950ns (Levels of Logic = 1)
  Source:            clk_50MHz (FF)
  Destination:       clk_50MHz (FF)
  Source Clock:      clk_100MHz rising
  Destination Clock: clk_100MHz rising

  Data Path: clk_50MHz to clk_50MHz
                                Gate     Net
    Cell:in->out      fanout   Delay   Delay  Logical Name (Net Name)
    ----------------------------------------  ------------
     FDCE:C->Q             2   0.447   0.616  clk_50MHz (clk_50MHz_OBUF)
     INV:I->O              1   0.206   0.579  clk_50MHz_INV_2_o1_INV_0 (clk_50MHz_INV_2_o)
     FDCE:D                    0.102          clk_50MHz
    ----------------------------------------
    Total                      1.950ns (0.755ns logic, 1.195ns route)
                                       (38.7% logic, 61.3% route)

=========================================================================
Timing constraint: Default OFFSET IN BEFORE for Clock 'clk_100MHz'
  Total number of paths / destination ports: 6 / 6
-------------------------------------------------------------------------
Offset:              2.616ns (Levels of Logic = 2)
  Source:            rst (PAD)
  Destination:       counter_10MHz_1 (FF)
  Destination Clock: clk_100MHz rising

  Data Path: rst to counter_10MHz_1
                                Gate     Net
    Cell:in->out      fanout   Delay   Delay  Logical Name (Net Name)
    ----------------------------------------  ------------
     IBUF:I->O             6   1.222   1.089  rst_IBUF (rst_IBUF)
     LUT5:I0->O            1   0.203   0.000  counter_10MHz_1_rstpot (counter_10MHz_1_rstpot)
     FD:D                      0.102          counter_10MHz_1
    ----------------------------------------
    Total                      2.616ns (1.527ns logic, 1.089ns route)
                                       (58.4% logic, 41.6% route)

=========================================================================
Timing constraint: Default OFFSET OUT AFTER for Clock 'clk_100MHz'
  Total number of paths / destination ports: 2 / 2
-------------------------------------------------------------------------
Offset:              3.634ns (Levels of Logic = 1)
  Source:            clk_50MHz (FF)
  Destination:       clk_50MHz (PAD)
  Source Clock:      clk_100MHz rising

  Data Path: clk_50MHz to clk_50MHz
                                Gate     Net
    Cell:in->out      fanout   Delay   Delay  Logical Name (Net Name)
    ----------------------------------------  ------------
     FDCE:C->Q             2   0.447   0.616  clk_50MHz (clk_50MHz_OBUF)
     OBUF:I->O                 2.571          clk_50MHz_OBUF (clk_50MHz)
    ----------------------------------------
    Total                      3.634ns (3.018ns logic, 0.616ns route)
                                       (83.0% logic, 17.0% route)

=========================================================================

Cross Clock Domains Report:
--------------------------

Clock to Setup on destination clock clk_100MHz
---------------+---------+---------+---------+---------+
               | Src:Rise| Src:Fall| Src:Rise| Src:Fall|
Source Clock   |Dest:Rise|Dest:Rise|Dest:Fall|Dest:Fall|
---------------+---------+---------+---------+---------+
clk_100MHz     |    1.950|         |         |         |
---------------+---------+---------+---------+---------+

=========================================================================


Total REAL time to Xst completion: 3.00 secs
Total CPU time to Xst completion: 3.03 secs
 
--> 

Total memory usage is 4487868 kilobytes

Number of errors   :    0 (   0 filtered)
Number of warnings :    2 (   0 filtered)
Number of infos    :    1 (   0 filtered)

