Running: C:\Xilinx\14.7\ISE_DS\ISE\bin\nt64\unwrapped\fuse.exe -intstyle ise -incremental -lib unisims_ver -lib unimacro_ver -lib xilinxcorelib_ver -lib secureip -o C:/Users/ideapad 5 pro/Documents/uni/FPGA/verilog/code/morsToNum/morsToNum_tb_isim_beh.exe -prj C:/Users/ideapad 5 pro/Documents/uni/FPGA/verilog/code/morsToNum/morsToNum_tb_beh.prj work.morsToNum_tb work.glbl 
ISim P.20131013 (signature 0x7708f090)
Number of CPUs detected in this system: 16
Turning on mult-threading, number of parallel sub-compilation jobs: 32 
Determining compilation order of HDL files
Analyzing Verilog file "C:/Users/ideapad 5 pro/Documents/uni/FPGA/verilog/code/morsToNum/morsToNum.v" into library work
WARNING:HDLCompiler:327 - "C:/Users/ideapad 5 pro/Documents/uni/FPGA/verilog/code/morsToNum/morsToNum.v" Line 72: Concatenation with unsized literal; will interpret as 32 bits
Analyzing Verilog file "C:/Users/ideapad 5 pro/Documents/uni/FPGA/verilog/code/morsToNum/morsToNum_tb.v" into library work
Analyzing Verilog file "C:/Xilinx/14.7/ISE_DS/ISE//verilog/src/glbl.v" into library work
Starting static elaboration
WARNING:HDLCompiler:327 - "C:/Users/ideapad 5 pro/Documents/uni/FPGA/verilog/code/morsToNum/morsToNum.v" Line 72: Concatenation with unsized literal; will interpret as 32 bits
Completed static elaboration
Compiling module morsToNum
Compiling module morsToNum_tb
Compiling module glbl
Time Resolution for simulation is 1ps.
Waiting for 1 sub-compilation(s) to finish...
Compiled 3 Verilog Units
Built simulation executable C:/Users/ideapad 5 pro/Documents/uni/FPGA/verilog/code/morsToNum/morsToNum_tb_isim_beh.exe
Fuse Memory Usage: 28660 KB
Fuse CPU Usage: 249 ms
